# JRE version: OpenJDK Runtime Environment (8.0_242-b01) (build 1.8.0_242-release-1644-b01)
# Java VM: OpenJDK 64-Bit Server VM (25.242-b01 mixed mode windows-amd64 compressed oops)
Heap:
 PSYoungGen      total 439808K, used 272078K [0x00000000d5580000, 0x00000000f3880000, 0x0000000100000000)
  eden space 416256K, 59% used [0x00000000d5580000,0x00000000e48985f8,0x00000000eec00000)
  from space 23552K, 98% used [0x00000000f2180000,0x00000000f381b308,0x00000000f3880000)
  to   space 35840K, 0% used [0x00000000ef280000,0x00000000ef280000,0x00000000f1580000)
 ParOldGen       total 136192K, used 82757K [0x0000000080000000, 0x0000000088500000, 0x00000000d5580000)
  object space 136192K, 60% used [0x0000000080000000,0x00000000850d1768,0x0000000088500000)
 Metaspace       used 97605K, capacity 101600K, committed 101808K, reserved 1138688K
  class space    used 12588K, capacity 13407K, committed 13488K, reserved 1048576K
GC Heap History (10 events):
Event: 29.119 GC heap before
{Heap before GC invocations=16 (full 3):
 PSYoungGen      total 288256K, used 271360K [0x00000000d5580000, 0x00000000e8480000, 0x0000000100000000)
  eden space 271360K, 100% used [0x00000000d5580000,0x00000000e5e80000,0x00000000e5e80000)
  from space 16896K, 0% used [0x00000000e7280000,0x00000000e7280000,0x00000000e8300000)
  to   space 19456K, 0% used [0x00000000e5e80000,0x00000000e5e80000,0x00000000e7180000)
 ParOldGen       total 78336K, used 38524K [0x0000000080000000, 0x0000000084c80000, 0x00000000d5580000)
  object space 78336K, 49% used [0x0000000080000000,0x000000008259f070,0x0000000084c80000)
 Metaspace       used 72453K, capacity 75182K, committed 75440K, reserved 1114112K
  class space    used 9912K, capacity 10549K, committed 10672K, reserved 1048576K
Event: 29.205 GC heap after
Heap after GC invocations=16 (full 3):
 PSYoungGen      total 290816K, used 19441K [0x00000000d5580000, 0x00000000edd80000, 0x0000000100000000)
  eden space 271360K, 0% used [0x00000000d5580000,0x00000000d5580000,0x00000000e5e80000)
  from space 19456K, 99% used [0x00000000e5e80000,0x00000000e717c408,0x00000000e7180000)
  to   space 24576K, 0% used [0x00000000ec580000,0x00000000ec580000,0x00000000edd80000)
 ParOldGen       total 78336K, used 44644K [0x0000000080000000, 0x0000000084c80000, 0x00000000d5580000)
  object space 78336K, 56% used [0x0000000080000000,0x0000000082b992f8,0x0000000084c80000)
 Metaspace       used 72453K, capacity 75182K, committed 75440K, reserved 1114112K
  class space    used 9912K, capacity 10549K, committed 10672K, reserved 1048576K
}
Event: 40.371 GC heap before
{Heap before GC invocations=17 (full 3):
 PSYoungGen      total 290816K, used 290801K [0x00000000d5580000, 0x00000000edd80000, 0x0000000100000000)
  eden space 271360K, 100% used [0x00000000d5580000,0x00000000e5e80000,0x00000000e5e80000)
  from space 19456K, 99% used [0x00000000e5e80000,0x00000000e717c408,0x00000000e7180000)
  to   space 24576K, 0% used [0x00000000ec580000,0x00000000ec580000,0x00000000edd80000)
 ParOldGen       total 78336K, used 44644K [0x0000000080000000, 0x0000000084c80000, 0x00000000d5580000)
  object space 78336K, 56% used [0x0000000080000000,0x0000000082b992f8,0x0000000084c80000)
 Metaspace       used 80563K, capacity 83788K, committed 84016K, reserved 1122304K
  class space    used 10825K, capacity 11498K, committed 11568K, reserved 1048576K
Event: 40.450 GC heap after
Heap after GC invocations=17 (full 3):
 PSYoungGen      total 365568K, used 17714K [0x00000000d5580000, 0x00000000ed980000, 0x0000000100000000)
  eden space 345088K, 0% used [0x00000000d5580000,0x00000000d5580000,0x00000000ea680000)
  from space 20480K, 86% used [0x00000000ec580000,0x00000000ed6cca50,0x00000000ed980000)
  to   space 26112K, 0% used [0x00000000ea680000,0x00000000ea680000,0x00000000ec000000)
 ParOldGen       total 78336K, used 59909K [0x0000000080000000, 0x0000000084c80000, 0x00000000d5580000)
  object space 78336K, 76% used [0x0000000080000000,0x0000000083a81680,0x0000000084c80000)
 Metaspace       used 80563K, capacity 83788K, committed 84016K, reserved 1122304K
  class space    used 10825K, capacity 11498K, committed 11568K, reserved 1048576K
}
Event: 44.553 GC heap before
{Heap before GC invocations=18 (full 3):
 PSYoungGen      total 365568K, used 362746K [0x00000000d5580000, 0x00000000ed980000, 0x0000000100000000)
  eden space 345088K, 99% used [0x00000000d5580000,0x00000000ea671e78,0x00000000ea680000)
  from space 20480K, 86% used [0x00000000ec580000,0x00000000ed6cca50,0x00000000ed980000)
  to   space 26112K, 0% used [0x00000000ea680000,0x00000000ea680000,0x00000000ec000000)
 ParOldGen       total 78336K, used 59909K [0x0000000080000000, 0x0000000084c80000, 0x00000000d5580000)
  object space 78336K, 76% used [0x0000000080000000,0x0000000083a81680,0x0000000084c80000)
 Metaspace       used 83481K, capacity 87028K, committed 87216K, reserved 1124352K
  class space    used 11140K, capacity 11881K, committed 11952K, reserved 1048576K
Event: 44.613 GC heap after
Heap after GC invocations=18 (full 3):
 PSYoungGen      total 371200K, used 26089K [0x00000000d5580000, 0x00000000f4300000, 0x0000000100000000)
  eden space 345088K, 0% used [0x00000000d5580000,0x00000000d5580000,0x00000000ea680000)
  from space 26112K, 99% used [0x00000000ea680000,0x00000000ebffa648,0x00000000ec000000)
  to   space 34304K, 0% used [0x00000000f2180000,0x00000000f2180000,0x00000000f4300000)
 ParOldGen       total 78336K, used 70527K [0x0000000080000000, 0x0000000084c80000, 0x00000000d5580000)
  object space 78336K, 90% used [0x0000000080000000,0x00000000844dfce8,0x0000000084c80000)
 Metaspace       used 83481K, capacity 87028K, committed 87216K, reserved 1124352K
  class space    used 11140K, capacity 11881K, committed 11952K, reserved 1048576K
}
Event: 44.613 GC heap before
{Heap before GC invocations=19 (full 4):
 PSYoungGen      total 371200K, used 26089K [0x00000000d5580000, 0x00000000f4300000, 0x0000000100000000)
  eden space 345088K, 0% used [0x00000000d5580000,0x00000000d5580000,0x00000000ea680000)
  from space 26112K, 99% used [0x00000000ea680000,0x00000000ebffa648,0x00000000ec000000)
  to   space 34304K, 0% used [0x00000000f2180000,0x00000000f2180000,0x00000000f4300000)
 ParOldGen       total 78336K, used 70527K [0x0000000080000000, 0x0000000084c80000, 0x00000000d5580000)
  object space 78336K, 90% used [0x0000000080000000,0x00000000844dfce8,0x0000000084c80000)
 Metaspace       used 83481K, capacity 87028K, committed 87216K, reserved 1124352K
  class space    used 11140K, capacity 11881K, committed 11952K, reserved 1048576K
Event: 45.432 GC heap after
Heap after GC invocations=19 (full 4):
 PSYoungGen      total 371200K, used 4408K [0x00000000d5580000, 0x00000000f4300000, 0x0000000100000000)
  eden space 345088K, 0% used [0x00000000d5580000,0x00000000d5580000,0x00000000ea680000)
  from space 26112K, 16% used [0x00000000ea680000,0x00000000eaace2c0,0x00000000ec000000)
  to   space 34304K, 0% used [0x00000000f2180000,0x00000000f2180000,0x00000000f4300000)
 ParOldGen       total 136192K, used 78144K [0x0000000080000000, 0x0000000088500000, 0x00000000d5580000)
  object space 136192K, 57% used [0x0000000080000000,0x0000000084c502f8,0x0000000088500000)
 Metaspace       used 83345K, capacity 86628K, committed 87216K, reserved 1124352K
  class space    used 11094K, capacity 11799K, committed 11952K, reserved 1048576K
}
Event: 1895.499 GC heap before
{Heap before GC invocations=20 (full 4):
 PSYoungGen      total 371200K, used 349496K [0x00000000d5580000, 0x00000000f4300000, 0x0000000100000000)
  eden space 345088K, 100% used [0x00000000d5580000,0x00000000ea680000,0x00000000ea680000)
  from space 26112K, 16% used [0x00000000ea680000,0x00000000eaace2c0,0x00000000ec000000)
  to   space 34304K, 0% used [0x00000000f2180000,0x00000000f2180000,0x00000000f4300000)
 ParOldGen       total 136192K, used 78144K [0x0000000080000000, 0x0000000088500000, 0x00000000d5580000)
  object space 136192K, 57% used [0x0000000080000000,0x0000000084c502f8,0x0000000088500000)
 Metaspace       used 90098K, capacity 93934K, committed 94128K, reserved 1130496K
  class space    used 11782K, capacity 12618K, committed 12720K, reserved 1048576K
Event: 1898.797 GC heap after
Heap after GC invocations=20 (full 4):
 PSYoungGen      total 439808K, used 23148K [0x00000000d5580000, 0x00000000f3880000, 0x0000000100000000)
  eden space 416256K, 0% used [0x00000000d5580000,0x00000000d5580000,0x00000000eec00000)
  from space 23552K, 98% used [0x00000000f2180000,0x00000000f381b308,0x00000000f3880000)
  to   space 35840K, 0% used [0x00000000ef280000,0x00000000ef280000,0x00000000f1580000)
 ParOldGen       total 136192K, used 82757K [0x0000000080000000, 0x0000000088500000, 0x00000000d5580000)
  object space 136192K, 60% used [0x0000000080000000,0x00000000850d1768,0x0000000088500000)
 Metaspace       used 90098K, capacity 93934K, committed 94128K, reserved 1130496K
  class space    used 11782K, capacity 12618K, committed 12720K, reserved 1048576K
}

