# JRE version: OpenJDK Runtime Environment (8.0_242-b01) (build 1.8.0_242-release-1644-b01)
# Java VM: OpenJDK 64-Bit Server VM (25.242-b01 mixed mode windows-amd64 compressed oops)
Heap:
 PSYoungGen      total 261120K, used 52672K [0x00000000d5580000, 0x00000000e7e80000, 0x0000000100000000)
  eden space 218112K, 15% used [0x00000000d5580000,0x00000000d75cd948,0x00000000e2a80000)
  from space 43008K, 45% used [0x00000000e2a80000,0x00000000e3da26e8,0x00000000e5480000)
  to   space 33280K, 0% used [0x00000000e5e00000,0x00000000e5e00000,0x00000000e7e80000)
 ParOldGen       total 381440K, used 159572K [0x0000000080000000, 0x0000000097480000, 0x00000000d5580000)
  object space 381440K, 41% used [0x0000000080000000,0x0000000089bd5270,0x0000000097480000)
 Metaspace       used 82506K, capacity 85604K, committed 85720K, reserved 1124352K
  class space    used 10568K, capacity 11206K, committed 11264K, reserved 1048576K
GC Heap History (10 events):
Event: 47.071 GC heap before
{Heap before GC invocations=25 (full 5):
 PSYoungGen      total 235008K, used 19110K [0x00000000d5580000, 0x00000000e6500000, 0x0000000100000000)
  eden space 192512K, 0% used [0x00000000d5580000,0x00000000d5580000,0x00000000e1180000)
  from space 42496K, 44% used [0x00000000e3980000,0x00000000e4c29888,0x00000000e6300000)
  to   space 40960K, 0% used [0x00000000e1180000,0x00000000e1180000,0x00000000e3980000)
 ParOldGen       total 204800K, used 185444K [0x0000000080000000, 0x000000008c800000, 0x00000000d5580000)
  object space 204800K, 90% used [0x0000000080000000,0x000000008b519018,0x000000008c800000)
 Metaspace       used 71245K, capacity 74072K, committed 74456K, reserved 1114112K
  class space    used 9324K, capacity 9918K, committed 9984K, reserved 1048576K
Event: 47.497 GC heap after
Heap after GC invocations=25 (full 5):
 PSYoungGen      total 235008K, used 0K [0x00000000d5580000, 0x00000000e6500000, 0x0000000100000000)
  eden space 192512K, 0% used [0x00000000d5580000,0x00000000d5580000,0x00000000e1180000)
  from space 42496K, 0% used [0x00000000e3980000,0x00000000e3980000,0x00000000e6300000)
  to   space 40960K, 0% used [0x00000000e1180000,0x00000000e1180000,0x00000000e3980000)
 ParOldGen       total 269312K, used 117888K [0x0000000080000000, 0x0000000090700000, 0x00000000d5580000)
  object space 269312K, 43% used [0x0000000080000000,0x0000000087320378,0x0000000090700000)
 Metaspace       used 71245K, capacity 74072K, committed 74456K, reserved 1114112K
  class space    used 9324K, capacity 9918K, committed 9984K, reserved 1048576K
}
Event: 48.872 GC heap before
{Heap before GC invocations=26 (full 5):
 PSYoungGen      total 235008K, used 192512K [0x00000000d5580000, 0x00000000e6500000, 0x0000000100000000)
  eden space 192512K, 100% used [0x00000000d5580000,0x00000000e1180000,0x00000000e1180000)
  from space 42496K, 0% used [0x00000000e3980000,0x00000000e3980000,0x00000000e6300000)
  to   space 40960K, 0% used [0x00000000e1180000,0x00000000e1180000,0x00000000e3980000)
 ParOldGen       total 269312K, used 118119K [0x0000000080000000, 0x0000000090700000, 0x00000000d5580000)
  object space 269312K, 43% used [0x0000000080000000,0x0000000087359c78,0x0000000090700000)
 Metaspace       used 71313K, capacity 74136K, committed 74456K, reserved 1114112K
  class space    used 9324K, capacity 9918K, committed 9984K, reserved 1048576K
Event: 49.139 GC heap after
Heap after GC invocations=26 (full 5):
 PSYoungGen      total 233472K, used 28004K [0x00000000d5580000, 0x00000000e8800000, 0x0000000100000000)
  eden space 192512K, 0% used [0x00000000d5580000,0x00000000d5580000,0x00000000e1180000)
  from space 40960K, 68% used [0x00000000e1180000,0x00000000e2cd9198,0x00000000e3980000)
  to   space 43008K, 0% used [0x00000000e5e00000,0x00000000e5e00000,0x00000000e8800000)
 ParOldGen       total 320000K, used 270002K [0x0000000080000000, 0x0000000093880000, 0x00000000d5580000)
  object space 320000K, 84% used [0x0000000080000000,0x00000000907ac8a8,0x0000000093880000)
 Metaspace       used 71313K, capacity 74136K, committed 74456K, reserved 1114112K
  class space    used 9324K, capacity 9918K, committed 9984K, reserved 1048576K
}
Event: 49.139 GC heap before
{Heap before GC invocations=27 (full 6):
 PSYoungGen      total 233472K, used 28004K [0x00000000d5580000, 0x00000000e8800000, 0x0000000100000000)
  eden space 192512K, 0% used [0x00000000d5580000,0x00000000d5580000,0x00000000e1180000)
  from space 40960K, 68% used [0x00000000e1180000,0x00000000e2cd9198,0x00000000e3980000)
  to   space 43008K, 0% used [0x00000000e5e00000,0x00000000e5e00000,0x00000000e8800000)
 ParOldGen       total 320000K, used 270002K [0x0000000080000000, 0x0000000093880000, 0x00000000d5580000)
  object space 320000K, 84% used [0x0000000080000000,0x00000000907ac8a8,0x0000000093880000)
 Metaspace       used 71313K, capacity 74136K, committed 74456K, reserved 1114112K
  class space    used 9324K, capacity 9918K, committed 9984K, reserved 1048576K
Event: 49.519 GC heap after
Heap after GC invocations=27 (full 6):
 PSYoungGen      total 233472K, used 0K [0x00000000d5580000, 0x00000000e8800000, 0x0000000100000000)
  eden space 192512K, 0% used [0x00000000d5580000,0x00000000d5580000,0x00000000e1180000)
  from space 40960K, 0% used [0x00000000e1180000,0x00000000e1180000,0x00000000e3980000)
  to   space 43008K, 0% used [0x00000000e5e00000,0x00000000e5e00000,0x00000000e8800000)
 ParOldGen       total 381440K, used 159546K [0x0000000080000000, 0x0000000097480000, 0x00000000d5580000)
  object space 381440K, 41% used [0x0000000080000000,0x0000000089bceb68,0x0000000097480000)
 Metaspace       used 71313K, capacity 74136K, committed 74456K, reserved 1114112K
  class space    used 9324K, capacity 9918K, committed 9984K, reserved 1048576K
}
Event: 62.558 GC heap before
{Heap before GC invocations=28 (full 6):
 PSYoungGen      total 233472K, used 192512K [0x00000000d5580000, 0x00000000e8800000, 0x0000000100000000)
  eden space 192512K, 100% used [0x00000000d5580000,0x00000000e1180000,0x00000000e1180000)
  from space 40960K, 0% used [0x00000000e1180000,0x00000000e1180000,0x00000000e3980000)
  to   space 43008K, 0% used [0x00000000e5e00000,0x00000000e5e00000,0x00000000e8800000)
 ParOldGen       total 381440K, used 159548K [0x0000000080000000, 0x0000000097480000, 0x00000000d5580000)
  object space 381440K, 41% used [0x0000000080000000,0x0000000089bcf270,0x0000000097480000)
 Metaspace       used 72241K, capacity 75140K, committed 75352K, reserved 1114112K
  class space    used 9424K, capacity 10066K, committed 10112K, reserved 1048576K
Event: 63.003 GC heap after
Heap after GC invocations=28 (full 6):
 PSYoungGen      total 251392K, used 2952K [0x00000000d5580000, 0x00000000e7e80000, 0x0000000100000000)
  eden space 218112K, 0% used [0x00000000d5580000,0x00000000d5580000,0x00000000e2a80000)
  from space 33280K, 8% used [0x00000000e5e00000,0x00000000e60e2340,0x00000000e7e80000)
  to   space 43008K, 0% used [0x00000000e2a80000,0x00000000e2a80000,0x00000000e5480000)
 ParOldGen       total 381440K, used 159556K [0x0000000080000000, 0x0000000097480000, 0x00000000d5580000)
  object space 381440K, 41% used [0x0000000080000000,0x0000000089bd1270,0x0000000097480000)
 Metaspace       used 72241K, capacity 75140K, committed 75352K, reserved 1114112K
  class space    used 9424K, capacity 10066K, committed 10112K, reserved 1048576K
}
Event: 80.195 GC heap before
{Heap before GC invocations=29 (full 6):
 PSYoungGen      total 251392K, used 221064K [0x00000000d5580000, 0x00000000e7e80000, 0x0000000100000000)
  eden space 218112K, 100% used [0x00000000d5580000,0x00000000e2a80000,0x00000000e2a80000)
  from space 33280K, 8% used [0x00000000e5e00000,0x00000000e60e2340,0x00000000e7e80000)
  to   space 43008K, 0% used [0x00000000e2a80000,0x00000000e2a80000,0x00000000e5480000)
 ParOldGen       total 381440K, used 159556K [0x0000000080000000, 0x0000000097480000, 0x00000000d5580000)
  object space 381440K, 41% used [0x0000000080000000,0x0000000089bd1270,0x0000000097480000)
 Metaspace       used 80909K, capacity 83902K, committed 84056K, reserved 1122304K
  class space    used 10451K, capacity 11109K, committed 11136K, reserved 1048576K
Event: 81.531 GC heap after
Heap after GC invocations=29 (full 6):
 PSYoungGen      total 261120K, used 19593K [0x00000000d5580000, 0x00000000e7e80000, 0x0000000100000000)
  eden space 218112K, 0% used [0x00000000d5580000,0x00000000d5580000,0x00000000e2a80000)
  from space 43008K, 45% used [0x00000000e2a80000,0x00000000e3da26e8,0x00000000e5480000)
  to   space 33280K, 0% used [0x00000000e5e00000,0x00000000e5e00000,0x00000000e7e80000)
 ParOldGen       total 381440K, used 159572K [0x0000000080000000, 0x0000000097480000, 0x00000000d5580000)
  object space 381440K, 41% used [0x0000000080000000,0x0000000089bd5270,0x0000000097480000)
 Metaspace       used 80909K, capacity 83902K, committed 84056K, reserved 1122304K
  class space    used 10451K, capacity 11109K, committed 11136K, reserved 1048576K
}

