# JRE version: OpenJDK Runtime Environment (8.0_242-b01) (build 1.8.0_242-release-1644-b01)
# Java VM: OpenJDK 64-Bit Server VM (25.242-b01 mixed mode windows-amd64 compressed oops)
Heap:
 PSYoungGen      total 387584K, used 311691K [0x00000000d5580000, 0x00000000f1080000, 0x0000000100000000)
  eden space 363520K, 85% used [0x00000000d5580000,0x00000000e85e2d08,0x00000000eb880000)
  from space 24064K, 0% used [0x00000000edd80000,0x00000000edd80000,0x00000000ef500000)
  to   space 37888K, 0% used [0x00000000eb880000,0x00000000eb880000,0x00000000edd80000)
 ParOldGen       total 140800K, used 81363K [0x0000000080000000, 0x0000000088980000, 0x00000000d5580000)
  object space 140800K, 57% used [0x0000000080000000,0x0000000084f74d18,0x0000000088980000)
 Metaspace       used 72764K, capacity 76406K, committed 76456K, reserved 1114112K
  class space    used 10109K, capacity 10884K, committed 10928K, reserved 1048576K
GC Heap History (10 events):
Event: 41.766 GC heap before
{Heap before GC invocations=14 (full 2):
 PSYoungGen      total 214528K, used 131495K [0x00000000d5580000, 0x00000000e8e80000, 0x0000000100000000)
  eden space 201216K, 58% used [0x00000000d5580000,0x00000000dc8eabd8,0x00000000e1a00000)
  from space 13312K, 99% used [0x00000000e1a00000,0x00000000e26ff320,0x00000000e2700000)
  to   space 18944K, 0% used [0x00000000e7c00000,0x00000000e7c00000,0x00000000e8e80000)
 ParOldGen       total 43008K, used 26266K [0x0000000080000000, 0x0000000082a00000, 0x00000000d5580000)
  object space 43008K, 61% used [0x0000000080000000,0x00000000819a6a80,0x0000000082a00000)
 Metaspace       used 57075K, capacity 59070K, committed 59160K, reserved 1099776K
  class space    used 7816K, capacity 8282K, committed 8368K, reserved 1048576K
Event: 42.024 GC heap after
Heap after GC invocations=14 (full 2):
 PSYoungGen      total 301056K, used 12053K [0x00000000d5580000, 0x00000000e8f80000, 0x0000000100000000)
  eden space 282112K, 0% used [0x00000000d5580000,0x00000000d5580000,0x00000000e6900000)
  from space 18944K, 63% used [0x00000000e7c00000,0x00000000e87c56e8,0x00000000e8e80000)
  to   space 19456K, 0% used [0x00000000e6900000,0x00000000e6900000,0x00000000e7c00000)
 ParOldGen       total 43008K, used 39598K [0x0000000080000000, 0x0000000082a00000, 0x00000000d5580000)
  object space 43008K, 92% used [0x0000000080000000,0x00000000826abb08,0x0000000082a00000)
 Metaspace       used 57075K, capacity 59070K, committed 59160K, reserved 1099776K
  class space    used 7816K, capacity 8282K, committed 8368K, reserved 1048576K
}
Event: 42.024 GC heap before
{Heap before GC invocations=15 (full 3):
 PSYoungGen      total 301056K, used 12053K [0x00000000d5580000, 0x00000000e8f80000, 0x0000000100000000)
  eden space 282112K, 0% used [0x00000000d5580000,0x00000000d5580000,0x00000000e6900000)
  from space 18944K, 63% used [0x00000000e7c00000,0x00000000e87c56e8,0x00000000e8e80000)
  to   space 19456K, 0% used [0x00000000e6900000,0x00000000e6900000,0x00000000e7c00000)
 ParOldGen       total 43008K, used 39598K [0x0000000080000000, 0x0000000082a00000, 0x00000000d5580000)
  object space 43008K, 92% used [0x0000000080000000,0x00000000826abb08,0x0000000082a00000)
 Metaspace       used 57075K, capacity 59070K, committed 59160K, reserved 1099776K
  class space    used 7816K, capacity 8282K, committed 8368K, reserved 1048576K
Event: 43.264 GC heap after
Heap after GC invocations=15 (full 3):
 PSYoungGen      total 301056K, used 4116K [0x00000000d5580000, 0x00000000e8f80000, 0x0000000100000000)
  eden space 282112K, 0% used [0x00000000d5580000,0x00000000d5580000,0x00000000e6900000)
  from space 18944K, 21% used [0x00000000e7c00000,0x00000000e8005158,0x00000000e8e80000)
  to   space 19456K, 0% used [0x00000000e6900000,0x00000000e6900000,0x00000000e7c00000)
 ParOldGen       total 84480K, used 42990K [0x0000000080000000, 0x0000000085280000, 0x00000000d5580000)
  object space 84480K, 50% used [0x0000000080000000,0x00000000829fbbd8,0x0000000085280000)
 Metaspace       used 57067K, capacity 59040K, committed 59160K, reserved 1099776K
  class space    used 7814K, capacity 8277K, committed 8368K, reserved 1048576K
}
Event: 56.540 GC heap before
{Heap before GC invocations=16 (full 3):
 PSYoungGen      total 301056K, used 286228K [0x00000000d5580000, 0x00000000e8f80000, 0x0000000100000000)
  eden space 282112K, 100% used [0x00000000d5580000,0x00000000e6900000,0x00000000e6900000)
  from space 18944K, 21% used [0x00000000e7c00000,0x00000000e8005158,0x00000000e8e80000)
  to   space 19456K, 0% used [0x00000000e6900000,0x00000000e6900000,0x00000000e7c00000)
 ParOldGen       total 84480K, used 42990K [0x0000000080000000, 0x0000000085280000, 0x00000000d5580000)
  object space 84480K, 50% used [0x0000000080000000,0x00000000829fbbd8,0x0000000085280000)
 Metaspace       used 63293K, capacity 66230K, committed 66472K, reserved 1105920K
  class space    used 8696K, capacity 9316K, committed 9392K, reserved 1048576K
Event: 58.045 GC heap after
Heap after GC invocations=16 (full 3):
 PSYoungGen      total 301568K, used 19433K [0x00000000d5580000, 0x00000000ef500000, 0x0000000100000000)
  eden space 282112K, 0% used [0x00000000d5580000,0x00000000d5580000,0x00000000e6900000)
  from space 19456K, 99% used [0x00000000e6900000,0x00000000e7bfa4f0,0x00000000e7c00000)
  to   space 24064K, 0% used [0x00000000edd80000,0x00000000edd80000,0x00000000ef500000)
 ParOldGen       total 84480K, used 46513K [0x0000000080000000, 0x0000000085280000, 0x00000000d5580000)
  object space 84480K, 55% used [0x0000000080000000,0x0000000082d6c5c8,0x0000000085280000)
 Metaspace       used 63293K, capacity 66230K, committed 66472K, reserved 1105920K
  class space    used 8696K, capacity 9316K, committed 9392K, reserved 1048576K
}
Event: 68.294 GC heap before
{Heap before GC invocations=17 (full 3):
 PSYoungGen      total 301568K, used 301545K [0x00000000d5580000, 0x00000000ef500000, 0x0000000100000000)
  eden space 282112K, 100% used [0x00000000d5580000,0x00000000e6900000,0x00000000e6900000)
  from space 19456K, 99% used [0x00000000e6900000,0x00000000e7bfa4f0,0x00000000e7c00000)
  to   space 24064K, 0% used [0x00000000edd80000,0x00000000edd80000,0x00000000ef500000)
 ParOldGen       total 84480K, used 46513K [0x0000000080000000, 0x0000000085280000, 0x00000000d5580000)
  object space 84480K, 55% used [0x0000000080000000,0x0000000082d6c5c8,0x0000000085280000)
 Metaspace       used 64245K, capacity 67208K, committed 67624K, reserved 1107968K
  class space    used 8805K, capacity 9395K, committed 9520K, reserved 1048576K
Event: 68.984 GC heap after
Heap after GC invocations=17 (full 3):
 PSYoungGen      total 387584K, used 24033K [0x00000000d5580000, 0x00000000f1080000, 0x0000000100000000)
  eden space 363520K, 0% used [0x00000000d5580000,0x00000000d5580000,0x00000000eb880000)
  from space 24064K, 99% used [0x00000000edd80000,0x00000000ef4f87b8,0x00000000ef500000)
  to   space 37888K, 0% used [0x00000000eb880000,0x00000000eb880000,0x00000000edd80000)
 ParOldGen       total 84480K, used 73823K [0x0000000080000000, 0x0000000085280000, 0x00000000d5580000)
  object space 84480K, 87% used [0x0000000080000000,0x0000000084817fb8,0x0000000085280000)
 Metaspace       used 64245K, capacity 67208K, committed 67624K, reserved 1107968K
  class space    used 8805K, capacity 9395K, committed 9520K, reserved 1048576K
}
Event: 68.986 GC heap before
{Heap before GC invocations=18 (full 4):
 PSYoungGen      total 387584K, used 24033K [0x00000000d5580000, 0x00000000f1080000, 0x0000000100000000)
  eden space 363520K, 0% used [0x00000000d5580000,0x00000000d5580000,0x00000000eb880000)
  from space 24064K, 99% used [0x00000000edd80000,0x00000000ef4f87b8,0x00000000ef500000)
  to   space 37888K, 0% used [0x00000000eb880000,0x00000000eb880000,0x00000000edd80000)
 ParOldGen       total 84480K, used 73823K [0x0000000080000000, 0x0000000085280000, 0x00000000d5580000)
  object space 84480K, 87% used [0x0000000080000000,0x0000000084817fb8,0x0000000085280000)
 Metaspace       used 64245K, capacity 67208K, committed 67624K, reserved 1107968K
  class space    used 8805K, capacity 9395K, committed 9520K, reserved 1048576K
Event: 72.831 GC heap after
Heap after GC invocations=18 (full 4):
 PSYoungGen      total 387584K, used 0K [0x00000000d5580000, 0x00000000f1080000, 0x0000000100000000)
  eden space 363520K, 0% used [0x00000000d5580000,0x00000000d5580000,0x00000000eb880000)
  from space 24064K, 0% used [0x00000000edd80000,0x00000000edd80000,0x00000000ef500000)
  to   space 37888K, 0% used [0x00000000eb880000,0x00000000eb880000,0x00000000edd80000)
 ParOldGen       total 140800K, used 81363K [0x0000000080000000, 0x0000000088980000, 0x00000000d5580000)
  object space 140800K, 57% used [0x0000000080000000,0x0000000084f74d18,0x0000000088980000)
 Metaspace       used 64128K, capacity 66882K, committed 67624K, reserved 1107968K
  class space    used 8767K, capacity 9328K, committed 9520K, reserved 1048576K
}

