# JRE version: OpenJDK Runtime Environment (8.0_242-b01) (build 1.8.0_242-release-1644-b01)
# Java VM: OpenJDK 64-Bit Server VM (25.242-b01 mixed mode windows-amd64 compressed oops)
Heap:
 PSYoungGen      total 274944K, used 123743K [0x00000000d5580000, 0x00000000ea500000, 0x0000000100000000)
  eden space 252416K, 49% used [0x00000000d5580000,0x00000000dce57dc0,0x00000000e4c00000)
  from space 22528K, 0% used [0x00000000e7180000,0x00000000e7180000,0x00000000e8780000)
  to   space 38400K, 0% used [0x00000000e4c00000,0x00000000e4c00000,0x00000000e7180000)
 ParOldGen       total 292864K, used 158326K [0x0000000080000000, 0x0000000091e00000, 0x00000000d5580000)
  object space 292864K, 54% used [0x0000000080000000,0x0000000089a9d900,0x0000000091e00000)
 Metaspace       used 67850K, capacity 70708K, committed 70952K, reserved 1110016K
  class space    used 9092K, capacity 9707K, committed 9776K, reserved 1048576K
GC Heap History (10 events):
Event: 71.553 GC heap before
{Heap before GC invocations=18 (full 4):
 PSYoungGen      total 274944K, used 22522K [0x00000000d5580000, 0x00000000ea500000, 0x0000000100000000)
  eden space 252416K, 0% used [0x00000000d5580000,0x00000000d5580000,0x00000000e4c00000)
  from space 22528K, 99% used [0x00000000e7180000,0x00000000e877e9d0,0x00000000e8780000)
  to   space 38400K, 0% used [0x00000000e4c00000,0x00000000e4c00000,0x00000000e7180000)
 ParOldGen       total 94720K, used 83872K [0x0000000080000000, 0x0000000085c80000, 0x00000000d5580000)
  object space 94720K, 88% used [0x0000000080000000,0x00000000851e8168,0x0000000085c80000)
 Metaspace       used 67527K, capacity 70386K, committed 70696K, reserved 1110016K
  class space    used 9093K, capacity 9696K, committed 9776K, reserved 1048576K
Event: 74.800 GC heap after
Heap after GC invocations=18 (full 4):
 PSYoungGen      total 274944K, used 5020K [0x00000000d5580000, 0x00000000ea500000, 0x0000000100000000)
  eden space 252416K, 0% used [0x00000000d5580000,0x00000000d5580000,0x00000000e4c00000)
  from space 22528K, 22% used [0x00000000e7180000,0x00000000e76672a0,0x00000000e8780000)
  to   space 38400K, 0% used [0x00000000e4c00000,0x00000000e4c00000,0x00000000e7180000)
 ParOldGen       total 180736K, used 94265K [0x0000000080000000, 0x000000008b080000, 0x00000000d5580000)
  object space 180736K, 52% used [0x0000000080000000,0x0000000085c0e5a8,0x000000008b080000)
 Metaspace       used 67471K, capacity 70226K, committed 70696K, reserved 1110016K
  class space    used 9075K, capacity 9664K, committed 9776K, reserved 1048576K
}
Event: 82.966 GC heap before
{Heap before GC invocations=19 (full 4):
 PSYoungGen      total 274944K, used 257436K [0x00000000d5580000, 0x00000000ea500000, 0x0000000100000000)
  eden space 252416K, 100% used [0x00000000d5580000,0x00000000e4c00000,0x00000000e4c00000)
  from space 22528K, 22% used [0x00000000e7180000,0x00000000e76672a0,0x00000000e8780000)
  to   space 38400K, 0% used [0x00000000e4c00000,0x00000000e4c00000,0x00000000e7180000)
 ParOldGen       total 180736K, used 110668K [0x0000000080000000, 0x000000008b080000, 0x00000000d5580000)
  object space 180736K, 61% used [0x0000000080000000,0x0000000086c13380,0x000000008b080000)
 Metaspace       used 67665K, capacity 70550K, committed 70952K, reserved 1110016K
  class space    used 9081K, capacity 9702K, committed 9776K, reserved 1048576K
Event: 84.271 GC heap after
Heap after GC invocations=19 (full 4):
 PSYoungGen      total 290816K, used 37947K [0x00000000d5580000, 0x00000000ea500000, 0x0000000100000000)
  eden space 252416K, 0% used [0x00000000d5580000,0x00000000d5580000,0x00000000e4c00000)
  from space 38400K, 98% used [0x00000000e4c00000,0x00000000e710edf8,0x00000000e7180000)
  to   space 22528K, 0% used [0x00000000e7180000,0x00000000e7180000,0x00000000e8780000)
 ParOldGen       total 180736K, used 169060K [0x0000000080000000, 0x000000008b080000, 0x00000000d5580000)
  object space 180736K, 93% used [0x0000000080000000,0x000000008a5191c0,0x000000008b080000)
 Metaspace       used 67665K, capacity 70550K, committed 70952K, reserved 1110016K
  class space    used 9081K, capacity 9702K, committed 9776K, reserved 1048576K
}
Event: 84.275 GC heap before
{Heap before GC invocations=20 (full 5):
 PSYoungGen      total 290816K, used 37947K [0x00000000d5580000, 0x00000000ea500000, 0x0000000100000000)
  eden space 252416K, 0% used [0x00000000d5580000,0x00000000d5580000,0x00000000e4c00000)
  from space 38400K, 98% used [0x00000000e4c00000,0x00000000e710edf8,0x00000000e7180000)
  to   space 22528K, 0% used [0x00000000e7180000,0x00000000e7180000,0x00000000e8780000)
 ParOldGen       total 180736K, used 169060K [0x0000000080000000, 0x000000008b080000, 0x00000000d5580000)
  object space 180736K, 93% used [0x0000000080000000,0x000000008a5191c0,0x000000008b080000)
 Metaspace       used 67665K, capacity 70550K, committed 70952K, reserved 1110016K
  class space    used 9081K, capacity 9702K, committed 9776K, reserved 1048576K
Event: 89.068 GC heap after
Heap after GC invocations=20 (full 5):
 PSYoungGen      total 290816K, used 0K [0x00000000d5580000, 0x00000000ea500000, 0x0000000100000000)
  eden space 252416K, 0% used [0x00000000d5580000,0x00000000d5580000,0x00000000e4c00000)
  from space 38400K, 0% used [0x00000000e4c00000,0x00000000e4c00000,0x00000000e7180000)
  to   space 22528K, 0% used [0x00000000e7180000,0x00000000e7180000,0x00000000e8780000)
 ParOldGen       total 242176K, used 118065K [0x0000000080000000, 0x000000008ec80000, 0x00000000d5580000)
  object space 242176K, 48% used [0x0000000080000000,0x000000008734c698,0x000000008ec80000)
 Metaspace       used 67665K, capacity 70550K, committed 70952K, reserved 1110016K
  class space    used 9081K, capacity 9702K, committed 9776K, reserved 1048576K
}
Event: 99.957 GC heap before
{Heap before GC invocations=21 (full 5):
 PSYoungGen      total 290816K, used 252416K [0x00000000d5580000, 0x00000000ea500000, 0x0000000100000000)
  eden space 252416K, 100% used [0x00000000d5580000,0x00000000e4c00000,0x00000000e4c00000)
  from space 38400K, 0% used [0x00000000e4c00000,0x00000000e4c00000,0x00000000e7180000)
  to   space 22528K, 0% used [0x00000000e7180000,0x00000000e7180000,0x00000000e8780000)
 ParOldGen       total 242176K, used 118121K [0x0000000080000000, 0x000000008ec80000, 0x00000000d5580000)
  object space 242176K, 48% used [0x0000000080000000,0x000000008735a6b8,0x000000008ec80000)
 Metaspace       used 67759K, capacity 70614K, committed 70952K, reserved 1110016K
  class space    used 9081K, capacity 9702K, committed 9776K, reserved 1048576K
Event: 101.626 GC heap after
Heap after GC invocations=21 (full 5):
 PSYoungGen      total 274944K, used 18832K [0x00000000d5580000, 0x00000000ea500000, 0x0000000100000000)
  eden space 252416K, 0% used [0x00000000d5580000,0x00000000d5580000,0x00000000e4c00000)
  from space 22528K, 83% used [0x00000000e7180000,0x00000000e83e4180,0x00000000e8780000)
  to   space 38400K, 0% used [0x00000000e4c00000,0x00000000e4c00000,0x00000000e7180000)
 ParOldGen       total 292864K, used 270004K [0x0000000080000000, 0x0000000091e00000, 0x00000000d5580000)
  object space 292864K, 92% used [0x0000000080000000,0x00000000907ad2e8,0x0000000091e00000)
 Metaspace       used 67759K, capacity 70614K, committed 70952K, reserved 1110016K
  class space    used 9081K, capacity 9702K, committed 9776K, reserved 1048576K
}
Event: 101.628 GC heap before
{Heap before GC invocations=22 (full 6):
 PSYoungGen      total 274944K, used 18832K [0x00000000d5580000, 0x00000000ea500000, 0x0000000100000000)
  eden space 252416K, 0% used [0x00000000d5580000,0x00000000d5580000,0x00000000e4c00000)
  from space 22528K, 83% used [0x00000000e7180000,0x00000000e83e4180,0x00000000e8780000)
  to   space 38400K, 0% used [0x00000000e4c00000,0x00000000e4c00000,0x00000000e7180000)
 ParOldGen       total 292864K, used 270004K [0x0000000080000000, 0x0000000091e00000, 0x00000000d5580000)
  object space 292864K, 92% used [0x0000000080000000,0x00000000907ad2e8,0x0000000091e00000)
 Metaspace       used 67759K, capacity 70614K, committed 70952K, reserved 1110016K
  class space    used 9081K, capacity 9702K, committed 9776K, reserved 1048576K
Event: 104.639 GC heap after
Heap after GC invocations=22 (full 6):
 PSYoungGen      total 274944K, used 0K [0x00000000d5580000, 0x00000000ea500000, 0x0000000100000000)
  eden space 252416K, 0% used [0x00000000d5580000,0x00000000d5580000,0x00000000e4c00000)
  from space 22528K, 0% used [0x00000000e7180000,0x00000000e7180000,0x00000000e8780000)
  to   space 38400K, 0% used [0x00000000e4c00000,0x00000000e4c00000,0x00000000e7180000)
 ParOldGen       total 292864K, used 158326K [0x0000000080000000, 0x0000000091e00000, 0x00000000d5580000)
  object space 292864K, 54% used [0x0000000080000000,0x0000000089a9d900,0x0000000091e00000)
 Metaspace       used 67759K, capacity 70614K, committed 70952K, reserved 1110016K
  class space    used 9081K, capacity 9702K, committed 9776K, reserved 1048576K
}

