# JRE version: OpenJDK Runtime Environment (8.0_242-b01) (build 1.8.0_242-release-1644-b01)
# Java VM: OpenJDK 64-Bit Server VM (25.242-b01 mixed mode windows-amd64 compressed oops)
Heap:
 PSYoungGen      total 195584K, used 185418K [0x00000000d5580000, 0x00000000e2e00000, 0x0000000100000000)
  eden space 180736K, 94% used [0x00000000d5580000,0x00000000dfc5bc48,0x00000000e0600000)
  from space 14848K, 98% used [0x00000000e1f80000,0x00000000e2db6cb8,0x00000000e2e00000)
  to   space 18944K, 0% used [0x00000000e0900000,0x00000000e0900000,0x00000000e1b80000)
 ParOldGen       total 91136K, used 36096K [0x0000000080000000, 0x0000000085900000, 0x00000000d5580000)
  object space 91136K, 39% used [0x0000000080000000,0x00000000823402d0,0x0000000085900000)
 Metaspace       used 66529K, capacity 69360K, committed 69672K, reserved 1110016K
  class space    used 9093K, capacity 9693K, committed 9776K, reserved 1048576K
GC Heap History (10 events):
Event: 16.216 GC heap before
{Heap before GC invocations=15 (full 2):
 PSYoungGen      total 129024K, used 120320K [0x00000000d5580000, 0x00000000df280000, 0x0000000100000000)
  eden space 120320K, 100% used [0x00000000d5580000,0x00000000dcb00000,0x00000000dcb00000)
  from space 8704K, 0% used [0x00000000dd380000,0x00000000dd380000,0x00000000ddc00000)
  to   space 8704K, 0% used [0x00000000dcb00000,0x00000000dcb00000,0x00000000dd380000)
 ParOldGen       total 51200K, used 14641K [0x0000000080000000, 0x0000000083200000, 0x00000000d5580000)
  object space 51200K, 28% used [0x0000000080000000,0x0000000080e4c6c0,0x0000000083200000)
 Metaspace       used 44621K, capacity 46076K, committed 46376K, reserved 1089536K
  class space    used 6031K, capacity 6382K, committed 6448K, reserved 1048576K
Event: 16.262 GC heap after
Heap after GC invocations=15 (full 2):
 PSYoungGen      total 129024K, used 8700K [0x00000000d5580000, 0x00000000e0600000, 0x0000000100000000)
  eden space 120320K, 0% used [0x00000000d5580000,0x00000000d5580000,0x00000000dcb00000)
  from space 8704K, 99% used [0x00000000dcb00000,0x00000000dd37f310,0x00000000dd380000)
  to   space 12800K, 0% used [0x00000000df980000,0x00000000df980000,0x00000000e0600000)
 ParOldGen       total 51200K, used 21375K [0x0000000080000000, 0x0000000083200000, 0x00000000d5580000)
  object space 51200K, 41% used [0x0000000080000000,0x00000000814dfc00,0x0000000083200000)
 Metaspace       used 44621K, capacity 46076K, committed 46376K, reserved 1089536K
  class space    used 6031K, capacity 6382K, committed 6448K, reserved 1048576K
}
Event: 19.997 GC heap before
{Heap before GC invocations=16 (full 2):
 PSYoungGen      total 129024K, used 129020K [0x00000000d5580000, 0x00000000e0600000, 0x0000000100000000)
  eden space 120320K, 100% used [0x00000000d5580000,0x00000000dcb00000,0x00000000dcb00000)
  from space 8704K, 99% used [0x00000000dcb00000,0x00000000dd37f310,0x00000000dd380000)
  to   space 12800K, 0% used [0x00000000df980000,0x00000000df980000,0x00000000e0600000)
 ParOldGen       total 51200K, used 21375K [0x0000000080000000, 0x0000000083200000, 0x00000000d5580000)
  object space 51200K, 41% used [0x0000000080000000,0x00000000814dfc00,0x0000000083200000)
 Metaspace       used 52769K, capacity 54588K, committed 54696K, reserved 1095680K
  class space    used 7117K, capacity 7539K, committed 7600K, reserved 1048576K
Event: 20.041 GC heap after
Heap after GC invocations=16 (full 2):
 PSYoungGen      total 162816K, used 12783K [0x00000000d5580000, 0x00000000e0e00000, 0x0000000100000000)
  eden space 150016K, 0% used [0x00000000d5580000,0x00000000d5580000,0x00000000de800000)
  from space 12800K, 99% used [0x00000000df980000,0x00000000e05fbe08,0x00000000e0600000)
  to   space 17920K, 0% used [0x00000000de800000,0x00000000de800000,0x00000000df980000)
 ParOldGen       total 51200K, used 30504K [0x0000000080000000, 0x0000000083200000, 0x00000000d5580000)
  object space 51200K, 59% used [0x0000000080000000,0x0000000081dca110,0x0000000083200000)
 Metaspace       used 52769K, capacity 54588K, committed 54696K, reserved 1095680K
  class space    used 7117K, capacity 7539K, committed 7600K, reserved 1048576K
}
Event: 22.068 GC heap before
{Heap before GC invocations=17 (full 2):
 PSYoungGen      total 162816K, used 83483K [0x00000000d5580000, 0x00000000e0e00000, 0x0000000100000000)
  eden space 150016K, 47% used [0x00000000d5580000,0x00000000d9a8b048,0x00000000de800000)
  from space 12800K, 99% used [0x00000000df980000,0x00000000e05fbe08,0x00000000e0600000)
  to   space 17920K, 0% used [0x00000000de800000,0x00000000de800000,0x00000000df980000)
 ParOldGen       total 51200K, used 30504K [0x0000000080000000, 0x0000000083200000, 0x00000000d5580000)
  object space 51200K, 59% used [0x0000000080000000,0x0000000081dca110,0x0000000083200000)
 Metaspace       used 57066K, capacity 59026K, committed 59160K, reserved 1099776K
  class space    used 7819K, capacity 8276K, committed 8368K, reserved 1048576K
Event: 22.098 GC heap after
Heap after GC invocations=17 (full 2):
 PSYoungGen      total 167936K, used 7510K [0x00000000d5580000, 0x00000000e3000000, 0x0000000100000000)
  eden space 150016K, 0% used [0x00000000d5580000,0x00000000d5580000,0x00000000de800000)
  from space 17920K, 41% used [0x00000000de800000,0x00000000def559f8,0x00000000df980000)
  to   space 16896K, 0% used [0x00000000e1f80000,0x00000000e1f80000,0x00000000e3000000)
 ParOldGen       total 51200K, used 38294K [0x0000000080000000, 0x0000000083200000, 0x00000000d5580000)
  object space 51200K, 74% used [0x0000000080000000,0x0000000082565958,0x0000000083200000)
 Metaspace       used 57066K, capacity 59026K, committed 59160K, reserved 1099776K
  class space    used 7819K, capacity 8276K, committed 8368K, reserved 1048576K
}
Event: 22.098 GC heap before
{Heap before GC invocations=18 (full 3):
 PSYoungGen      total 167936K, used 7510K [0x00000000d5580000, 0x00000000e3000000, 0x0000000100000000)
  eden space 150016K, 0% used [0x00000000d5580000,0x00000000d5580000,0x00000000de800000)
  from space 17920K, 41% used [0x00000000de800000,0x00000000def559f8,0x00000000df980000)
  to   space 16896K, 0% used [0x00000000e1f80000,0x00000000e1f80000,0x00000000e3000000)
 ParOldGen       total 51200K, used 38294K [0x0000000080000000, 0x0000000083200000, 0x00000000d5580000)
  object space 51200K, 74% used [0x0000000080000000,0x0000000082565958,0x0000000083200000)
 Metaspace       used 57066K, capacity 59026K, committed 59160K, reserved 1099776K
  class space    used 7819K, capacity 8276K, committed 8368K, reserved 1048576K
Event: 22.575 GC heap after
Heap after GC invocations=18 (full 3):
 PSYoungGen      total 167936K, used 0K [0x00000000d5580000, 0x00000000e3000000, 0x0000000100000000)
  eden space 150016K, 0% used [0x00000000d5580000,0x00000000d5580000,0x00000000de800000)
  from space 17920K, 0% used [0x00000000de800000,0x00000000de800000,0x00000000df980000)
  to   space 16896K, 0% used [0x00000000e1f80000,0x00000000e1f80000,0x00000000e3000000)
 ParOldGen       total 91136K, used 36088K [0x0000000080000000, 0x0000000085900000, 0x00000000d5580000)
  object space 91136K, 39% used [0x0000000080000000,0x000000008233e2d0,0x0000000085900000)
 Metaspace       used 57066K, capacity 59026K, committed 59160K, reserved 1099776K
  class space    used 7819K, capacity 8276K, committed 8368K, reserved 1048576K
}
Event: 27.973 GC heap before
{Heap before GC invocations=19 (full 3):
 PSYoungGen      total 167936K, used 150016K [0x00000000d5580000, 0x00000000e3000000, 0x0000000100000000)
  eden space 150016K, 100% used [0x00000000d5580000,0x00000000de800000,0x00000000de800000)
  from space 17920K, 0% used [0x00000000de800000,0x00000000de800000,0x00000000df980000)
  to   space 16896K, 0% used [0x00000000e1f80000,0x00000000e1f80000,0x00000000e3000000)
 ParOldGen       total 91136K, used 36088K [0x0000000080000000, 0x0000000085900000, 0x00000000d5580000)
  object space 91136K, 39% used [0x0000000080000000,0x000000008233e2d0,0x0000000085900000)
 Metaspace       used 61825K, capacity 64532K, committed 64680K, reserved 1105920K
  class space    used 8495K, capacity 9081K, committed 9136K, reserved 1048576K
Event: 28.013 GC heap after
Heap after GC invocations=19 (full 3):
 PSYoungGen      total 195584K, used 14555K [0x00000000d5580000, 0x00000000e2e00000, 0x0000000100000000)
  eden space 180736K, 0% used [0x00000000d5580000,0x00000000d5580000,0x00000000e0600000)
  from space 14848K, 98% used [0x00000000e1f80000,0x00000000e2db6cb8,0x00000000e2e00000)
  to   space 18944K, 0% used [0x00000000e0900000,0x00000000e0900000,0x00000000e1b80000)
 ParOldGen       total 91136K, used 36096K [0x0000000080000000, 0x0000000085900000, 0x00000000d5580000)
  object space 91136K, 39% used [0x0000000080000000,0x00000000823402d0,0x0000000085900000)
 Metaspace       used 61825K, capacity 64532K, committed 64680K, reserved 1105920K
  class space    used 8495K, capacity 9081K, committed 9136K, reserved 1048576K
}

