# JRE version: OpenJDK Runtime Environment (8.0_242-b01) (build 1.8.0_242-release-1644-b01)
# Java VM: OpenJDK 64-Bit Server VM (25.242-b01 mixed mode windows-amd64 compressed oops)
Heap:
 PSYoungGen      total 417792K, used 226227K [0x00000000d5580000, 0x00000000f2500000, 0x0000000100000000)
  eden space 373760K, 60% used [0x00000000d5580000,0x00000000e326cd50,0x00000000ec280000)
  from space 44032K, 0% used [0x00000000ec280000,0x00000000ec280000,0x00000000eed80000)
  to   space 24576K, 0% used [0x00000000eed80000,0x00000000eed80000,0x00000000f0580000)
 ParOldGen       total 312832K, used 168491K [0x0000000080000000, 0x0000000093180000, 0x00000000d5580000)
  object space 312832K, 53% used [0x0000000080000000,0x000000008a48aee0,0x0000000093180000)
 Metaspace       used 68322K, capacity 71190K, committed 71464K, reserved 1112064K
  class space    used 9133K, capacity 9724K, committed 9776K, reserved 1048576K
GC Heap History (10 events):
Event: 54.056 GC heap before
{Heap before GC invocations=16 (full 3):
 PSYoungGen      total 297472K, used 284510K [0x00000000d5580000, 0x00000000e8f80000, 0x0000000100000000)
  eden space 281600K, 100% used [0x00000000d5580000,0x00000000e6880000,0x00000000e6880000)
  from space 15872K, 18% used [0x00000000e8000000,0x00000000e82d78d0,0x00000000e8f80000)
  to   space 19968K, 0% used [0x00000000e6880000,0x00000000e6880000,0x00000000e7c00000)
 ParOldGen       total 82944K, used 42764K [0x0000000080000000, 0x0000000085100000, 0x00000000d5580000)
  object space 82944K, 51% used [0x0000000080000000,0x00000000829c30e0,0x0000000085100000)
 Metaspace       used 64142K, capacity 66876K, committed 66984K, reserved 1107968K
  class space    used 8751K, capacity 9319K, committed 9392K, reserved 1048576K
Event: 56.449 GC heap after
Heap after GC invocations=16 (full 3):
 PSYoungGen      total 301568K, used 19951K [0x00000000d5580000, 0x00000000f0580000, 0x0000000100000000)
  eden space 281600K, 0% used [0x00000000d5580000,0x00000000d5580000,0x00000000e6880000)
  from space 19968K, 99% used [0x00000000e6880000,0x00000000e7bfbd08,0x00000000e7c00000)
  to   space 24576K, 0% used [0x00000000eed80000,0x00000000eed80000,0x00000000f0580000)
 ParOldGen       total 82944K, used 46994K [0x0000000080000000, 0x0000000085100000, 0x00000000d5580000)
  object space 82944K, 56% used [0x0000000080000000,0x0000000082de4910,0x0000000085100000)
 Metaspace       used 64142K, capacity 66876K, committed 66984K, reserved 1107968K
  class space    used 8751K, capacity 9319K, committed 9392K, reserved 1048576K
}
Event: 81.688 GC heap before
{Heap before GC invocations=17 (full 3):
 PSYoungGen      total 301568K, used 301548K [0x00000000d5580000, 0x00000000f0580000, 0x0000000100000000)
  eden space 281600K, 99% used [0x00000000d5580000,0x00000000e687f330,0x00000000e6880000)
  from space 19968K, 99% used [0x00000000e6880000,0x00000000e7bfbd08,0x00000000e7c00000)
  to   space 24576K, 0% used [0x00000000eed80000,0x00000000eed80000,0x00000000f0580000)
 ParOldGen       total 82944K, used 46994K [0x0000000080000000, 0x0000000085100000, 0x00000000d5580000)
  object space 82944K, 56% used [0x0000000080000000,0x0000000082de4910,0x0000000085100000)
 Metaspace       used 67605K, capacity 70438K, committed 70696K, reserved 1110016K
  class space    used 9084K, capacity 9690K, committed 9776K, reserved 1048576K
Event: 82.375 GC heap after
Heap after GC invocations=17 (full 3):
 PSYoungGen      total 398336K, used 24575K [0x00000000d5580000, 0x00000000f2500000, 0x0000000100000000)
  eden space 373760K, 0% used [0x00000000d5580000,0x00000000d5580000,0x00000000ec280000)
  from space 24576K, 99% used [0x00000000eed80000,0x00000000f057fcf0,0x00000000f0580000)
  to   space 44032K, 0% used [0x00000000ec280000,0x00000000ec280000,0x00000000eed80000)
 ParOldGen       total 89088K, used 89050K [0x0000000080000000, 0x0000000085700000, 0x00000000d5580000)
  object space 89088K, 99% used [0x0000000080000000,0x00000000856f68b8,0x0000000085700000)
 Metaspace       used 67605K, capacity 70438K, committed 70696K, reserved 1110016K
  class space    used 9084K, capacity 9690K, committed 9776K, reserved 1048576K
}
Event: 82.379 GC heap before
{Heap before GC invocations=18 (full 4):
 PSYoungGen      total 398336K, used 24575K [0x00000000d5580000, 0x00000000f2500000, 0x0000000100000000)
  eden space 373760K, 0% used [0x00000000d5580000,0x00000000d5580000,0x00000000ec280000)
  from space 24576K, 99% used [0x00000000eed80000,0x00000000f057fcf0,0x00000000f0580000)
  to   space 44032K, 0% used [0x00000000ec280000,0x00000000ec280000,0x00000000eed80000)
 ParOldGen       total 89088K, used 89050K [0x0000000080000000, 0x0000000085700000, 0x00000000d5580000)
  object space 89088K, 99% used [0x0000000080000000,0x00000000856f68b8,0x0000000085700000)
 Metaspace       used 67605K, capacity 70438K, committed 70696K, reserved 1110016K
  class space    used 9084K, capacity 9690K, committed 9776K, reserved 1048576K
Event: 87.603 GC heap after
Heap after GC invocations=18 (full 4):
 PSYoungGen      total 398336K, used 21913K [0x00000000d5580000, 0x00000000f2500000, 0x0000000100000000)
  eden space 373760K, 0% used [0x00000000d5580000,0x00000000d5580000,0x00000000ec280000)
  from space 24576K, 89% used [0x00000000eed80000,0x00000000f02e6730,0x00000000f0580000)
  to   space 44032K, 0% used [0x00000000ec280000,0x00000000ec280000,0x00000000eed80000)
 ParOldGen       total 137728K, used 76430K [0x0000000080000000, 0x0000000088680000, 0x00000000d5580000)
  object space 137728K, 55% used [0x0000000080000000,0x0000000084aa3a50,0x0000000088680000)
 Metaspace       used 67563K, capacity 70320K, committed 70696K, reserved 1110016K
  class space    used 9072K, capacity 9669K, committed 9776K, reserved 1048576K
}
Event: 97.191 GC heap before
{Heap before GC invocations=19 (full 4):
 PSYoungGen      total 398336K, used 395673K [0x00000000d5580000, 0x00000000f2500000, 0x0000000100000000)
  eden space 373760K, 100% used [0x00000000d5580000,0x00000000ec280000,0x00000000ec280000)
  from space 24576K, 89% used [0x00000000eed80000,0x00000000f02e6730,0x00000000f0580000)
  to   space 44032K, 0% used [0x00000000ec280000,0x00000000ec280000,0x00000000eed80000)
 ParOldGen       total 137728K, used 76436K [0x0000000080000000, 0x0000000088680000, 0x00000000d5580000)
  object space 137728K, 55% used [0x0000000080000000,0x0000000084aa5258,0x0000000088680000)
 Metaspace       used 67778K, capacity 70576K, committed 70952K, reserved 1110016K
  class space    used 9074K, capacity 9669K, committed 9776K, reserved 1048576K
Event: 100.037 GC heap after
Heap after GC invocations=19 (full 4):
 PSYoungGen      total 417792K, used 39579K [0x00000000d5580000, 0x00000000f2500000, 0x0000000100000000)
  eden space 373760K, 0% used [0x00000000d5580000,0x00000000d5580000,0x00000000ec280000)
  from space 44032K, 89% used [0x00000000ec280000,0x00000000ee926c88,0x00000000eed80000)
  to   space 24576K, 0% used [0x00000000eed80000,0x00000000eed80000,0x00000000f0580000)
 ParOldGen       total 293376K, used 291228K [0x0000000080000000, 0x0000000091e80000, 0x00000000d5580000)
  object space 293376K, 99% used [0x0000000080000000,0x0000000091c670b0,0x0000000091e80000)
 Metaspace       used 67778K, capacity 70576K, committed 70952K, reserved 1110016K
  class space    used 9074K, capacity 9669K, committed 9776K, reserved 1048576K
}
Event: 100.040 GC heap before
{Heap before GC invocations=20 (full 5):
 PSYoungGen      total 417792K, used 39579K [0x00000000d5580000, 0x00000000f2500000, 0x0000000100000000)
  eden space 373760K, 0% used [0x00000000d5580000,0x00000000d5580000,0x00000000ec280000)
  from space 44032K, 89% used [0x00000000ec280000,0x00000000ee926c88,0x00000000eed80000)
  to   space 24576K, 0% used [0x00000000eed80000,0x00000000eed80000,0x00000000f0580000)
 ParOldGen       total 293376K, used 291228K [0x0000000080000000, 0x0000000091e80000, 0x00000000d5580000)
  object space 293376K, 99% used [0x0000000080000000,0x0000000091c670b0,0x0000000091e80000)
 Metaspace       used 67778K, capacity 70576K, committed 70952K, reserved 1110016K
  class space    used 9074K, capacity 9669K, committed 9776K, reserved 1048576K
Event: 102.798 GC heap after
Heap after GC invocations=20 (full 5):
 PSYoungGen      total 417792K, used 0K [0x00000000d5580000, 0x00000000f2500000, 0x0000000100000000)
  eden space 373760K, 0% used [0x00000000d5580000,0x00000000d5580000,0x00000000ec280000)
  from space 44032K, 0% used [0x00000000ec280000,0x00000000ec280000,0x00000000eed80000)
  to   space 24576K, 0% used [0x00000000eed80000,0x00000000eed80000,0x00000000f0580000)
 ParOldGen       total 312832K, used 168491K [0x0000000080000000, 0x0000000093180000, 0x00000000d5580000)
  object space 312832K, 53% used [0x0000000080000000,0x000000008a48aee0,0x0000000093180000)
 Metaspace       used 67778K, capacity 70576K, committed 70952K, reserved 1110016K
  class space    used 9074K, capacity 9669K, committed 9776K, reserved 1048576K
}

